Added Component: Designator=AC1(LGA-14_1)
Add component (AddParameter): Name = "Arrow Part Number"; Value = "LSM6DSOXTR"; VariantName = "[No Variations]"
Add component (AddParameter): Name = "Arrow Price/Stock"; Value = "https://www.arrow.com/en/products/lsm6dsoxtr/stmicroelectronics?region=europe"; VariantName = "[No Variations]"
Add component (AddParameter): Name = "Datasheet Link"; Value = "https://www.st.com/resource/en/datasheet/lsm6dsox.pdf"; VariantName = "[No Variations]"
Add component (AddParameter): Name = "Manufacturer_Name"; Value = "STMicroelectronics"; VariantName = "[No Variations]"
Add component (AddParameter): Name = "Manufacturer_Part_Number"; Value = "LSM6DSOXTR"; VariantName = "[No Variations]"
Add component (AddParameter): Name = "Mouser Part Number"; Value = "511-LSM6DSOXTR"; VariantName = "[No Variations]"
Add component (AddParameter): Name = "Mouser Price/Stock"; Value = "https://www.mouser.co.uk/ProductDetail/STMicroelectronics/LSM6DSOXTR?qs=l7cgNqFNU1i9dcjzItLpVQ%3D%3D"; VariantName = "[No Variations]"
Added Component: Designator=C1(C 0402)
Added Component: Designator=C2(C 0402)
Added Component: Designator=C3(C 0402)
Added Component: Designator=C4(C 0402)
Added Component: Designator=C5(C 0402)
Added Component: Designator=C6(C 1206)
Added Component: Designator=C7(C 0402)
Added Component: Designator=C8(C 1206)
Added Component: Designator=C9(C 0402)
Added Component: Designator=C10(C 1206)
Added Component: Designator=C11(C 0805)
Added Component: Designator=C12(C 0805)
Added Component: Designator=C13(C 0402)
Added Component: Designator=C14(C 0402)
Added Component: Designator=C15(C 0402)
Added Component: Designator=C16(C 1206)
Added Component: Designator=C17(C 1206)
Added Component: Designator=C18(C 0603)
Added Component: Designator=C19(C 0402)
Added Component: Designator=C20(C 1206)
Added Component: Designator=C21(C 1206)
Added Component: Designator=C22(C 0603)
Added Component: Designator=C23(C 0402)
Added Component: Designator=C24(C 0402)
Added Component: Designator=CON1(BM03B-SRSS-TB)
Added Component: Designator=CON2(BM03B-SRSS-TB)
Added Component: Designator=CON3(BM03B-SRSS-TB)
Added Component: Designator=Con4(B2B-ZR-SM4A-TF)
Added Component: Designator=IC1(ESP32S3WROOM1N16R8)
Add component (AddParameter): Name = "Arrow Part Number"; Value = ""; VariantName = "[No Variations]"
Add component (AddParameter): Name = "Arrow Price/Stock"; Value = ""; VariantName = "[No Variations]"
Add component (AddParameter): Name = "Datasheet Link"; Value = "https://www.espressif.com/sites/default/files/documentation/esp32-s3-wroom-1_wroom-1u_datasheet_en.pdf"; VariantName = "[No Variations]"
Add component (AddParameter): Name = "Height"; Value = "3.25mm"; VariantName = "[No Variations]"
Add component (AddParameter): Name = "Manufacturer_Name"; Value = "Espressif Systems"; VariantName = "[No Variations]"
Add component (AddParameter): Name = "Manufacturer_Part_Number"; Value = "ESP32-S3-WROOM-1-N16R8"; VariantName = "[No Variations]"
Add component (AddParameter): Name = "Mouser Part Number"; Value = "356-ESP32S3WRM1N16R8"; VariantName = "[No Variations]"
Add component (AddParameter): Name = "Mouser Price/Stock"; Value = "https://www.mouser.co.uk/ProductDetail/Espressif-Systems/ESP32-S3-WROOM-1-N16R8?qs=Li%252BoUPsLEnvQc9gW6AMhZg%3D%3D"; VariantName = "[No Variations]"
Added Component: Designator=IC2(SOIC127P600X170-9N)
Add component (AddParameter): Name = "Arrow Part Number"; Value = "DRV8251DDAR"; VariantName = "[No Variations]"
Add component (AddParameter): Name = "Arrow Price/Stock"; Value = "https://www.arrow.com/en/products/drv8251ddar/texas-instruments?region=nac"; VariantName = "[No Variations]"
Add component (AddParameter): Name = "Datasheet Link"; Value = "https://www.arrow.com/en/products/drv8251ddar/texas-instruments?region=nac"; VariantName = "[No Variations]"
Add component (AddParameter): Name = "Height"; Value = "1.7mm"; VariantName = "[No Variations]"
Add component (AddParameter): Name = "Manufacturer_Name"; Value = "Texas Instruments"; VariantName = "[No Variations]"
Add component (AddParameter): Name = "Manufacturer_Part_Number"; Value = "DRV8251DDAR"; VariantName = "[No Variations]"
Add component (AddParameter): Name = "Mouser Part Number"; Value = "595-DRV8251DDAR"; VariantName = "[No Variations]"
Add component (AddParameter): Name = "Mouser Price/Stock"; Value = "https://www.mouser.co.uk/ProductDetail/Texas-Instruments/DRV8251DDAR?qs=doiCPypUmgHTzZyfapGahQ%3D%3D"; VariantName = "[No Variations]"
Added Component: Designator=IC3(SOIC127P600X170-9N)
Add component (AddParameter): Name = "Arrow Part Number"; Value = "DRV8251DDAR"; VariantName = "[No Variations]"
Add component (AddParameter): Name = "Arrow Price/Stock"; Value = "https://www.arrow.com/en/products/drv8251ddar/texas-instruments?region=nac"; VariantName = "[No Variations]"
Add component (AddParameter): Name = "Datasheet Link"; Value = "https://www.arrow.com/en/products/drv8251ddar/texas-instruments?region=nac"; VariantName = "[No Variations]"
Add component (AddParameter): Name = "Height"; Value = "1.7mm"; VariantName = "[No Variations]"
Add component (AddParameter): Name = "Manufacturer_Name"; Value = "Texas Instruments"; VariantName = "[No Variations]"
Add component (AddParameter): Name = "Manufacturer_Part_Number"; Value = "DRV8251DDAR"; VariantName = "[No Variations]"
Add component (AddParameter): Name = "Mouser Part Number"; Value = "595-DRV8251DDAR"; VariantName = "[No Variations]"
Add component (AddParameter): Name = "Mouser Price/Stock"; Value = "https://www.mouser.co.uk/ProductDetail/Texas-Instruments/DRV8251DDAR?qs=doiCPypUmgHTzZyfapGahQ%3D%3D"; VariantName = "[No Variations]"
Added Component: Designator=IC4(SOIC127P600X170-9N)
Add component (AddParameter): Name = "Arrow Part Number"; Value = "DRV8251DDAR"; VariantName = "[No Variations]"
Add component (AddParameter): Name = "Arrow Price/Stock"; Value = "https://www.arrow.com/en/products/drv8251ddar/texas-instruments?region=nac"; VariantName = "[No Variations]"
Add component (AddParameter): Name = "Datasheet Link"; Value = "https://www.arrow.com/en/products/drv8251ddar/texas-instruments?region=nac"; VariantName = "[No Variations]"
Add component (AddParameter): Name = "Height"; Value = "1.7mm"; VariantName = "[No Variations]"
Add component (AddParameter): Name = "Manufacturer_Name"; Value = "Texas Instruments"; VariantName = "[No Variations]"
Add component (AddParameter): Name = "Manufacturer_Part_Number"; Value = "DRV8251DDAR"; VariantName = "[No Variations]"
Add component (AddParameter): Name = "Mouser Part Number"; Value = "595-DRV8251DDAR"; VariantName = "[No Variations]"
Add component (AddParameter): Name = "Mouser Price/Stock"; Value = "https://www.mouser.co.uk/ProductDetail/Texas-Instruments/DRV8251DDAR?qs=doiCPypUmgHTzZyfapGahQ%3D%3D"; VariantName = "[No Variations]"
Added Component: Designator=IC5(SOT229P700X180-4N)
Add component (AddParameter): Name = "Arrow Part Number"; Value = ""; VariantName = "[No Variations]"
Add component (AddParameter): Name = "Arrow Price/Stock"; Value = ""; VariantName = "[No Variations]"
Add component (AddParameter): Name = "Datasheet Link"; Value = "https://datasheet.datasheetarchive.com/originals/distributors/Datasheets-28/DSA-550594.pdf"; VariantName = "[No Variations]"
Add component (AddParameter): Name = "Height"; Value = "1.8mm"; VariantName = "[No Variations]"
Add component (AddParameter): Name = "Manufacturer_Name"; Value = "Advanced"; VariantName = "[No Variations]"
Add component (AddParameter): Name = "Manufacturer_Part_Number"; Value = "AMS1117-3.3"; VariantName = "[No Variations]"
Add component (AddParameter): Name = "Mouser Part Number"; Value = ""; VariantName = "[No Variations]"
Add component (AddParameter): Name = "Mouser Price/Stock"; Value = ""; VariantName = "[No Variations]"
Added Component: Designator=IC7(SOD2513X120N)
Add component (AddParameter): Name = "Arrow Part Number"; Value = ""; VariantName = "[No Variations]"
Add component (AddParameter): Name = "Arrow Price/Stock"; Value = ""; VariantName = "[No Variations]"
Add component (AddParameter): Name = "Datasheet Link"; Value = "https://www.diodes.com/assets/Datasheets/ds30498.pdf"; VariantName = "[No Variations]"
Add component (AddParameter): Name = "Height"; Value = "1.2mm"; VariantName = "[No Variations]"
Add component (AddParameter): Name = "Manufacturer_Name"; Value = "Lattice Semiconductor"; VariantName = "[No Variations]"
Add component (AddParameter): Name = "Manufacturer_Part_Number"; Value = "BAT760-7"; VariantName = "[No Variations]"
Add component (AddParameter): Name = "Mouser Part Number"; Value = "N/A"; VariantName = "[No Variations]"
Add component (AddParameter): Name = "Mouser Price/Stock"; Value = "https://www.mouser.com/Search/Refine.aspx?Keyword=N%2FA"; VariantName = "[No Variations]"
Added Component: Designator=IC8(SOTFL50P160X60-8N)
Add component (AddParameter): Name = "Arrow Part Number"; Value = "TPS62933DRLR"; VariantName = "[No Variations]"
Add component (AddParameter): Name = "Arrow Price/Stock"; Value = "https://www.arrow.com/en/products/tps62933drlr/texas-instruments?utm_currency=USD&region=nac"; VariantName = "[No Variations]"
Add component (AddParameter): Name = "Datasheet Link"; Value = "https://www.ti.com/lit/ds/symlink/tps62933.pdf?ts=1626073394234"; VariantName = "[No Variations]"
Add component (AddParameter): Name = "Height"; Value = "0.6mm"; VariantName = "[No Variations]"
Add component (AddParameter): Name = "Manufacturer_Name"; Value = "Texas Instruments"; VariantName = "[No Variations]"
Add component (AddParameter): Name = "Manufacturer_Part_Number"; Value = "TPS62933DRLR"; VariantName = "[No Variations]"
Add component (AddParameter): Name = "Mouser Part Number"; Value = "595-TPS62933DRLR"; VariantName = "[No Variations]"
Add component (AddParameter): Name = "Mouser Price/Stock"; Value = "https://www.mouser.co.uk/ProductDetail/Texas-Instruments/TPS62933DRLR?qs=Rp5uXu7WBW9fv47wfQVntQ%3D%3D"; VariantName = "[No Variations]"
Added Component: Designator=J1(09185066324)
Add component (AddParameter): Name = "Arrow Part Number"; Value = "09185066324"; VariantName = "[No Variations]"
Add component (AddParameter): Name = "Arrow Price/Stock"; Value = "https://www.arrow.com/en/products/09185066324/harting?utm_currency=USD&region=europe"; VariantName = "[No Variations]"
Add component (AddParameter): Name = "Datasheet Link"; Value = "https://b2b.harting.com/files/download/PRD/PDF_DS/PDF_DS_09185066324_EN.pdf"; VariantName = "[No Variations]"
Add component (AddParameter): Name = "Manufacturer_Name"; Value = "HARTING"; VariantName = "[No Variations]"
Add component (AddParameter): Name = "Manufacturer_Part_Number"; Value = "09185066324"; VariantName = "[No Variations]"
Add component (AddParameter): Name = "Mouser Part Number"; Value = "617-09185066324"; VariantName = "[No Variations]"
Add component (AddParameter): Name = "Mouser Price/Stock"; Value = "https://www.mouser.co.uk/ProductDetail/HARTING/09185066324?qs=qa49y27LPCE%2F3ZplMsKEeQ%3D%3D"; VariantName = "[No Variations]"
Added Component: Designator=J2(XF3M12151B)
Add component (AddParameter): Name = "Arrow Part Number"; Value = "XF3M-1215-1B"; VariantName = "[No Variations]"
Add component (AddParameter): Name = "Arrow Price/Stock"; Value = "https://www.arrow.com/en/products/xf3m-1215-1b/omron"; VariantName = "[No Variations]"
Add component (AddParameter): Name = "Datasheet Link"; Value = "https://datasheet.lcsc.com/szlcsc/Omron-Electronics-XF3M-1215-1B_C231431.pdf"; VariantName = "[No Variations]"
Add component (AddParameter): Name = "Height"; Value = "2mm"; VariantName = "[No Variations]"
Add component (AddParameter): Name = "Manufacturer_Name"; Value = "Omron Electronics"; VariantName = "[No Variations]"
Add component (AddParameter): Name = "Manufacturer_Part_Number"; Value = "XF3M-1215-1B"; VariantName = "[No Variations]"
Add component (AddParameter): Name = "Mouser Part Number"; Value = "653-XF3M-1215-1B"; VariantName = "[No Variations]"
Add component (AddParameter): Name = "Mouser Price/Stock"; Value = "https://www.mouser.co.uk/ProductDetail/Omron-Electronics/XF3M-1215-1B?qs=1He0yLMpldAQYeSJcjbchQ%3D%3D"; VariantName = "[No Variations]"
Added Component: Designator=J3(XF3M12151B)
Add component (AddParameter): Name = "Arrow Part Number"; Value = "XF3M-1215-1B"; VariantName = "[No Variations]"
Add component (AddParameter): Name = "Arrow Price/Stock"; Value = "https://www.arrow.com/en/products/xf3m-1215-1b/omron"; VariantName = "[No Variations]"
Add component (AddParameter): Name = "Datasheet Link"; Value = "https://datasheet.lcsc.com/szlcsc/Omron-Electronics-XF3M-1215-1B_C231431.pdf"; VariantName = "[No Variations]"
Add component (AddParameter): Name = "Height"; Value = "2mm"; VariantName = "[No Variations]"
Add component (AddParameter): Name = "Manufacturer_Name"; Value = "Omron Electronics"; VariantName = "[No Variations]"
Add component (AddParameter): Name = "Manufacturer_Part_Number"; Value = "XF3M-1215-1B"; VariantName = "[No Variations]"
Add component (AddParameter): Name = "Mouser Part Number"; Value = "653-XF3M-1215-1B"; VariantName = "[No Variations]"
Add component (AddParameter): Name = "Mouser Price/Stock"; Value = "https://www.mouser.co.uk/ProductDetail/Omron-Electronics/XF3M-1215-1B?qs=1He0yLMpldAQYeSJcjbchQ%3D%3D"; VariantName = "[No Variations]"
Added Component: Designator=J4(0473461001)
Add component (AddParameter): Name = "Arrow Part Number"; Value = "0473461001"; VariantName = "[No Variations]"
Add component (AddParameter): Name = "Arrow Price/Stock"; Value = "https://www.arrow.com/en/products/0473461001/molex?region=nac"; VariantName = "[No Variations]"
Add component (AddParameter): Name = "Datasheet Link"; Value = "https://componentsearchengine.com/Datasheets/1/0473461001.pdf"; VariantName = "[No Variations]"
Add component (AddParameter): Name = "Height"; Value = "2.45mm"; VariantName = "[No Variations]"
Add component (AddParameter): Name = "Manufacturer_Name"; Value = "Molex"; VariantName = "[No Variations]"
Add component (AddParameter): Name = "Manufacturer_Part_Number"; Value = "0473461001"; VariantName = "[No Variations]"
Add component (AddParameter): Name = "Mouser Part Number"; Value = "N/A"; VariantName = "[No Variations]"
Add component (AddParameter): Name = "Mouser Price/Stock"; Value = "https://www.mouser.co.uk/ProductDetail/Molex/0473461001?qs=2bnkQPT%252BPafTZgGVt%2FOGfA%3D%3D"; VariantName = "[No Variations]"
Added Component: Designator=L1(HPI0630)
Added Component: Designator=R1(R 0402)
Added Component: Designator=R2(R 0402)
Added Component: Designator=R3(R 0402)
Added Component: Designator=R4(R 0402)
Added Component: Designator=R5(R 0402)
Added Component: Designator=R6(R 1206)
Added Component: Designator=R7(R 1206)
Added Component: Designator=R8(R 1206)
Added Component: Designator=R9(R 0402)
Added Component: Designator=R10(R 0402)
Added Component: Designator=R11(R 0402)
Added Component: Designator=SW1(DIP Switch 4 pos 2.54mm)
Added Pin To Net: NetName=3.3V Pin=AC1-5
Added Pin To Net: NetName=3.3V Pin=AC1-8
Added Pin To Net: NetName=3.3V Pin=AC1-12
Added Pin To Net: NetName=3.3V Pin=C1-1
Added Pin To Net: NetName=3.3V Pin=C2-1
Added Pin To Net: NetName=3.3V Pin=C3-1
Added Pin To Net: NetName=3.3V Pin=C4-1
Added Pin To Net: NetName=3.3V Pin=C11-1
Added Pin To Net: NetName=3.3V Pin=C13-1
Added Pin To Net: NetName=3.3V Pin=C14-1
Added Pin To Net: NetName=3.3V Pin=C16-1
Added Pin To Net: NetName=3.3V Pin=C17-1
Added Pin To Net: NetName=3.3V Pin=C18-1
Added Pin To Net: NetName=3.3V Pin=C23-1
Added Pin To Net: NetName=3.3V Pin=C24-1
Added Pin To Net: NetName=3.3V Pin=IC1-2
Added Pin To Net: NetName=3.3V Pin=IC2-4
Added Pin To Net: NetName=3.3V Pin=IC3-4
Added Pin To Net: NetName=3.3V Pin=IC4-4
Added Pin To Net: NetName=3.3V Pin=IC5-2
Added Pin To Net: NetName=3.3V Pin=J1-2
Added Pin To Net: NetName=3.3V Pin=J2-1
Added Pin To Net: NetName=3.3V Pin=L1-2
Added Pin To Net: NetName=3.3V Pin=R1-2
Added Pin To Net: NetName=3.3V Pin=R2-2
Added Pin To Net: NetName=3.3V Pin=R3-2
Added Pin To Net: NetName=3.3V Pin=R10-1
Added Net: Name=3.3V
Added Pin To Net: NetName=5V Pin=C12-1
Added Pin To Net: NetName=5V Pin=IC5-3
Added Pin To Net: NetName=5V Pin=IC7-1
Added Net: Name=5V
Added Pin To Net: NetName=12V Pin=C20-1
Added Pin To Net: NetName=12V Pin=C21-1
Added Pin To Net: NetName=12V Pin=C22-1
Added Pin To Net: NetName=12V Pin=IC8-3
Added Pin To Net: NetName=12V Pin=R4-2
Added Pin To Net: NetName=12V Pin=SW1-7
Added Pin To Net: NetName=12V Pin=SW1-8
Added Net: Name=12V
Added Pin To Net: NetName=ADC1 Pin=IC1-4
Added Pin To Net: NetName=ADC1 Pin=J2-2
Added Net: Name=ADC1
Added Pin To Net: NetName=ADC2 Pin=IC1-5
Added Pin To Net: NetName=ADC2 Pin=J2-3
Added Net: Name=ADC2
Added Pin To Net: NetName=ADC3 Pin=IC1-6
Added Pin To Net: NetName=ADC3 Pin=J2-4
Added Net: Name=ADC3
Added Pin To Net: NetName=ADC4 Pin=IC1-7
Added Pin To Net: NetName=ADC4 Pin=J2-5
Added Net: Name=ADC4
Added Pin To Net: NetName=ADC5 Pin=IC1-8
Added Pin To Net: NetName=ADC5 Pin=J2-6
Added Net: Name=ADC5
Added Pin To Net: NetName=ADC6 Pin=IC1-9
Added Pin To Net: NetName=ADC6 Pin=J2-7
Added Net: Name=ADC6
Added Pin To Net: NetName=ADC7 Pin=IC1-10
Added Pin To Net: NetName=ADC7 Pin=J2-8
Added Net: Name=ADC7
Added Pin To Net: NetName=ADC8 Pin=IC1-11
Added Pin To Net: NetName=ADC8 Pin=J2-9
Added Net: Name=ADC8
Added Pin To Net: NetName=ADC9 Pin=IC1-15
Added Pin To Net: NetName=ADC9 Pin=J2-10
Added Net: Name=ADC9
Added Pin To Net: NetName=ADC10 Pin=IC1-17
Added Pin To Net: NetName=ADC10 Pin=J2-11
Added Net: Name=ADC10
Added Pin To Net: NetName=ADC11 Pin=IC1-18
Added Pin To Net: NetName=ADC11 Pin=J3-1
Added Net: Name=ADC11
Added Pin To Net: NetName=ADC12 Pin=IC1-19
Added Pin To Net: NetName=ADC12 Pin=J3-2
Added Net: Name=ADC12
Added Pin To Net: NetName=ADC13 Pin=IC1-20
Added Pin To Net: NetName=ADC13 Pin=J3-3
Added Net: Name=ADC13
Added Pin To Net: NetName=ADC14 Pin=IC1-21
Added Pin To Net: NetName=ADC14 Pin=J3-4
Added Net: Name=ADC14
Added Pin To Net: NetName=Battery Pin=IC1-12
Added Pin To Net: NetName=Battery Pin=R4-1
Added Pin To Net: NetName=Battery Pin=R5-2
Added Net: Name=Battery
Added Pin To Net: NetName=EN Pin=IC1-3
Added Pin To Net: NetName=EN Pin=J1-1
Added Pin To Net: NetName=EN Pin=R2-1
Added Net: Name=EN
Added Pin To Net: NetName=GND Pin=AC1-6
Added Pin To Net: NetName=GND Pin=AC1-7
Added Pin To Net: NetName=GND Pin=C1-2
Added Pin To Net: NetName=GND Pin=C2-2
Added Pin To Net: NetName=GND Pin=C3-2
Added Pin To Net: NetName=GND Pin=C4-2
Added Pin To Net: NetName=GND Pin=C5-2
Added Pin To Net: NetName=GND Pin=C6-2
Added Pin To Net: NetName=GND Pin=C7-2
Added Pin To Net: NetName=GND Pin=C8-2
Added Pin To Net: NetName=GND Pin=C9-2
Added Pin To Net: NetName=GND Pin=C10-2
Added Pin To Net: NetName=GND Pin=C11-2
Added Pin To Net: NetName=GND Pin=C12-2
Added Pin To Net: NetName=GND Pin=C13-2
Added Pin To Net: NetName=GND Pin=C14-2
Added Pin To Net: NetName=GND Pin=C16-2
Added Pin To Net: NetName=GND Pin=C17-2
Added Pin To Net: NetName=GND Pin=C18-2
Added Pin To Net: NetName=GND Pin=C19-2
Added Pin To Net: NetName=GND Pin=C20-2
Added Pin To Net: NetName=GND Pin=C21-2
Added Pin To Net: NetName=GND Pin=C22-2
Added Pin To Net: NetName=GND Pin=C23-2
Added Pin To Net: NetName=GND Pin=C24-2
Added Pin To Net: NetName=GND Pin=Con4-2
Added Pin To Net: NetName=GND Pin=IC1-1
Added Pin To Net: NetName=GND Pin=IC1-40
Added Pin To Net: NetName=GND Pin=IC1-41
Added Pin To Net: NetName=GND Pin=IC1-42
Added Pin To Net: NetName=GND Pin=IC1-43
Added Pin To Net: NetName=GND Pin=IC1-44
Added Pin To Net: NetName=GND Pin=IC1-45
Added Pin To Net: NetName=GND Pin=IC1-46
Added Pin To Net: NetName=GND Pin=IC1-47
Added Pin To Net: NetName=GND Pin=IC1-48
Added Pin To Net: NetName=GND Pin=IC1-49
Added Pin To Net: NetName=GND Pin=IC2-1
Added Pin To Net: NetName=GND Pin=IC2-9
Added Pin To Net: NetName=GND Pin=IC3-1
Added Pin To Net: NetName=GND Pin=IC3-9
Added Pin To Net: NetName=GND Pin=IC4-1
Added Pin To Net: NetName=GND Pin=IC4-9
Added Pin To Net: NetName=GND Pin=IC5-1
Added Pin To Net: NetName=GND Pin=IC8-4
Added Pin To Net: NetName=GND Pin=J1-4
Added Pin To Net: NetName=GND Pin=J2-12
Added Pin To Net: NetName=GND Pin=J4-5
Added Pin To Net: NetName=GND Pin=J4-MP2
Added Pin To Net: NetName=GND Pin=J4-MP3
Added Pin To Net: NetName=GND Pin=J4-MP4
Added Pin To Net: NetName=GND Pin=J4-MP5
Added Pin To Net: NetName=GND Pin=J4-MP6
Added Pin To Net: NetName=GND Pin=R5-1
Added Pin To Net: NetName=GND Pin=R6-1
Added Pin To Net: NetName=GND Pin=R7-1
Added Pin To Net: NetName=GND Pin=R8-1
Added Pin To Net: NetName=GND Pin=R11-1
Added Net: Name=GND
Added Pin To Net: NetName=GPIO1 Pin=IC1-16
Added Pin To Net: NetName=GPIO1 Pin=J3-5
Added Net: Name=GPIO1
Added Pin To Net: NetName=GPIO2 Pin=IC1-22
Added Pin To Net: NetName=GPIO2 Pin=J3-6
Added Net: Name=GPIO2
Added Pin To Net: NetName=GPIO3 Pin=IC1-23
Added Pin To Net: NetName=GPIO3 Pin=J3-7
Added Net: Name=GPIO3
Added Pin To Net: NetName=GPIO4 Pin=IC1-24
Added Pin To Net: NetName=GPIO4 Pin=J3-8
Added Net: Name=GPIO4
Added Pin To Net: NetName=GPIO5 Pin=IC1-25
Added Pin To Net: NetName=GPIO5 Pin=J3-9
Added Net: Name=GPIO5
Added Pin To Net: NetName=GPIO6 Pin=IC1-26
Added Pin To Net: NetName=GPIO6 Pin=J3-10
Added Net: Name=GPIO6
Added Pin To Net: NetName=GPIO7 Pin=IC1-28
Added Pin To Net: NetName=GPIO7 Pin=J3-11
Added Net: Name=GPIO7
Added Pin To Net: NetName=GPIO8 Pin=IC1-29
Added Pin To Net: NetName=GPIO8 Pin=J3-12
Added Net: Name=GPIO8
Added Pin To Net: NetName=IO0 Pin=IC1-27
Added Pin To Net: NetName=IO0 Pin=J1-6
Added Net: Name=IO0
Added Pin To Net: NetName=NetC5_1 Pin=C5-1
Added Pin To Net: NetName=NetC5_1 Pin=C6-1
Added Pin To Net: NetName=NetC5_1 Pin=IC3-5
Added Net: Name=NetC5_1
Added Pin To Net: NetName=NetC7_1 Pin=C7-1
Added Pin To Net: NetName=NetC7_1 Pin=C8-1
Added Pin To Net: NetName=NetC7_1 Pin=IC2-5
Added Net: Name=NetC7_1
Added Pin To Net: NetName=NetC9_1 Pin=C9-1
Added Pin To Net: NetName=NetC9_1 Pin=C10-1
Added Pin To Net: NetName=NetC9_1 Pin=IC4-5
Added Net: Name=NetC9_1
Added Pin To Net: NetName=NetC15_1 Pin=C15-1
Added Pin To Net: NetName=NetC15_1 Pin=R9-1
Added Net: Name=NetC15_1
Added Pin To Net: NetName=NetC15_2 Pin=C15-2
Added Pin To Net: NetName=NetC15_2 Pin=IC8-5
Added Pin To Net: NetName=NetC15_2 Pin=L1-1
Added Net: Name=NetC15_2
Added Pin To Net: NetName=NetC19_1 Pin=C19-1
Added Pin To Net: NetName=NetC19_1 Pin=IC8-7
Added Net: Name=NetC19_1
Added Pin To Net: NetName=NetCON1_1 Pin=CON1-1
Added Pin To Net: NetName=NetCON1_1 Pin=IC2-8
Added Net: Name=NetCON1_1
Added Pin To Net: NetName=NetCON1_3 Pin=CON1-3
Added Pin To Net: NetName=NetCON1_3 Pin=IC2-6
Added Net: Name=NetCON1_3
Added Pin To Net: NetName=NetCON2_1 Pin=CON2-1
Added Pin To Net: NetName=NetCON2_1 Pin=IC3-8
Added Net: Name=NetCON2_1
Added Pin To Net: NetName=NetCON2_3 Pin=CON2-3
Added Pin To Net: NetName=NetCON2_3 Pin=IC3-6
Added Net: Name=NetCON2_3
Added Pin To Net: NetName=NetCON3_1 Pin=CON3-1
Added Pin To Net: NetName=NetCON3_1 Pin=IC4-8
Added Net: Name=NetCON3_1
Added Pin To Net: NetName=NetCON3_3 Pin=CON3-3
Added Pin To Net: NetName=NetCON3_3 Pin=IC4-6
Added Net: Name=NetCON3_3
Added Pin To Net: NetName=NetCon4_1 Pin=Con4-1
Added Pin To Net: NetName=NetCon4_1 Pin=SW1-1
Added Pin To Net: NetName=NetCon4_1 Pin=SW1-2
Added Net: Name=NetCon4_1
Added Pin To Net: NetName=NetIC2_7 Pin=IC2-7
Added Pin To Net: NetName=NetIC2_7 Pin=R6-2
Added Net: Name=NetIC2_7
Added Pin To Net: NetName=NetIC3_7 Pin=IC3-7
Added Pin To Net: NetName=NetIC3_7 Pin=R7-2
Added Net: Name=NetIC3_7
Added Pin To Net: NetName=NetIC4_7 Pin=IC4-7
Added Pin To Net: NetName=NetIC4_7 Pin=R8-2
Added Net: Name=NetIC4_7
Added Pin To Net: NetName=NetIC7_2 Pin=IC7-2
Added Pin To Net: NetName=NetIC7_2 Pin=J4-1
Added Net: Name=NetIC7_2
Added Pin To Net: NetName=NetIC8_6 Pin=IC8-6
Added Pin To Net: NetName=NetIC8_6 Pin=R9-2
Added Net: Name=NetIC8_6
Added Pin To Net: NetName=NetIC8_8 Pin=IC8-8
Added Pin To Net: NetName=NetIC8_8 Pin=R10-2
Added Pin To Net: NetName=NetIC8_8 Pin=R11-2
Added Net: Name=NetIC8_8
Added Pin To Net: NetName=PWM1 Pin=IC1-30
Added Pin To Net: NetName=PWM1 Pin=IC2-2
Added Net: Name=PWM1
Added Pin To Net: NetName=PWM2 Pin=IC1-31
Added Pin To Net: NetName=PWM2 Pin=IC2-3
Added Net: Name=PWM2
Added Pin To Net: NetName=PWM3 Pin=IC1-32
Added Pin To Net: NetName=PWM3 Pin=IC3-2
Added Net: Name=PWM3
Added Pin To Net: NetName=PWM4 Pin=IC1-33
Added Pin To Net: NetName=PWM4 Pin=IC3-3
Added Net: Name=PWM4
Added Pin To Net: NetName=PWM5 Pin=IC1-34
Added Pin To Net: NetName=PWM5 Pin=IC4-2
Added Net: Name=PWM5
Added Pin To Net: NetName=PWM6 Pin=IC1-35
Added Pin To Net: NetName=PWM6 Pin=IC4-3
Added Net: Name=PWM6
Added Pin To Net: NetName=RXD0 Pin=IC1-37
Added Pin To Net: NetName=RXD0 Pin=J1-5
Added Net: Name=RXD0
Added Pin To Net: NetName=SCL Pin=AC1-13
Added Pin To Net: NetName=SCL Pin=IC1-39
Added Pin To Net: NetName=SCL Pin=R1-1
Added Net: Name=SCL
Added Pin To Net: NetName=SDA Pin=AC1-14
Added Pin To Net: NetName=SDA Pin=IC1-38
Added Pin To Net: NetName=SDA Pin=R3-1
Added Net: Name=SDA
Added Pin To Net: NetName=TXD0 Pin=IC1-36
Added Pin To Net: NetName=TXD0 Pin=J1-3
Added Net: Name=TXD0
Added Pin To Net: NetName=USB_D+ Pin=IC1-14
Added Pin To Net: NetName=USB_D+ Pin=J4-3
Added Net: Name=USB_D+
Added Pin To Net: NetName=USB_D- Pin=IC1-13
Added Pin To Net: NetName=USB_D- Pin=J4-2
Added Net: Name=USB_D-
Added Class: Name=Drivers
Added Class: Name=MCU_LF
Added Class: Name=Power-line
